<?xml version="1.0" encoding="UTF-8"?>
<!-- Generated by org.testng.reporters.JUnitXMLReporter -->
<testsuite ignored="0" hostname="LAPTOP-VNUSMERF" failures="1" tests="9" name="ChromeTest" time="31.048" errors="0" timestamp="2025-03-22T00:24:05 IST">
  <testcase classname="base.BaseClass" name="@AfterMethod afterMethod" time="0.032">
    <failure type="org.openqa.selenium.WebDriverException" message="java.io.IOException: Output closed
Build info: version: &amp;apos;4.27.0&amp;apos;, revision: &amp;apos;d6e718d134&amp;apos;
System info: os.name: &amp;apos;Windows 11&amp;apos;, os.arch: &amp;apos;amd64&amp;apos;, os.version: &amp;apos;10.0&amp;apos;, java.version: &amp;apos;21.0.5&amp;apos;
Driver info: driver.version: FirefoxDriver">
      <![CDATA[org.openqa.selenium.WebDriverException: java.io.IOException: Output closed
Build info: version: '4.27.0', revision: 'd6e718d134'
System info: os.name: 'Windows 11', os.arch: 'amd64', os.version: '10.0', java.version: '21.0.5'
Driver info: driver.version: FirefoxDriver
at org.openqa.selenium.remote.http.jdk.JdkHttpClient$4.send(JdkHttpClient.java:321)
at org.openqa.selenium.remote.http.jdk.JdkHttpClient$4.close(JdkHttpClient.java:340)
at org.openqa.selenium.devtools.Connection.close(Connection.java:226)
at org.openqa.selenium.devtools.DevTools.close(DevTools.java:61)
at java.base/java.util.Optional.ifPresent(Optional.java:178)
at org.openqa.selenium.remote.RemoteWebDriver.quit(RemoteWebDriver.java:439)
at org.openqa.selenium.firefox.FirefoxDriver.quit(FirefoxDriver.java:404)
at base.BaseClass.afterMethod(BaseClass.java:68)
at java.base/java.util.ArrayList.forEach(ArrayList.java:1596)
at java.base/java.util.concurrent.FutureTask.run(FutureTask.java:317)
at java.base/java.util.concurrent.ThreadPoolExecutor.runWorker(ThreadPoolExecutor.java:1144)
at java.base/java.util.concurrent.ThreadPoolExecutor$Worker.run(ThreadPoolExecutor.java:642)
at java.base/java.lang.Thread.run(Thread.java:1583)
Caused by: java.io.IOException: Output closed
at java.net.http/jdk.internal.net.http.websocket.WebSocketImpl.sendClose(WebSocketImpl.java:313)
at org.openqa.selenium.remote.http.jdk.JdkHttpClient$4.lambda$send$2(JdkHttpClient.java:286)
at org.openqa.selenium.remote.http.jdk.JdkHttpClient$4.send(JdkHttpClient.java:311)
... 32 more
... Removed 20 stack frames]]>
    </failure>
  </testcase> <!-- @AfterMethod afterMethod -->
  <testcase classname="base.BaseClass" name="@BeforeMethod beforeMethod" time="0.0">
    <skipped/>
  </testcase> <!-- @BeforeMethod beforeMethod -->
  <testcase classname="base.BaseClass" name="@AfterMethod afterMethod" time="0.0">
    <skipped/>
  </testcase> <!-- @AfterMethod afterMethod -->
  <testcase classname="base.BaseClass" name="@BeforeMethod beforeMethod" time="0.0">
    <skipped/>
  </testcase> <!-- @BeforeMethod beforeMethod -->
  <testcase classname="base.BaseClass" name="@AfterMethod afterMethod" time="0.0">
    <skipped/>
  </testcase> <!-- @AfterMethod afterMethod -->
  <testcase classname="base.BaseClass" name="@BeforeMethod beforeMethod" time="0.0">
    <skipped/>
  </testcase> <!-- @BeforeMethod beforeMethod -->
  <testcase classname="testClasses.LoginPageTestCases" name="verifyRememberMeCheckBoxIsNotCheckedByDefault" time="0.139">
    <skipped/>
  </testcase> <!-- verifyRememberMeCheckBoxIsNotCheckedByDefault -->
  <testcase classname="testClasses.LoginPageTestCases" name="verifyRememberMeCheckBoxIsNotCheckedByDefault" time="0.046">
    <skipped/>
  </testcase> <!-- verifyRememberMeCheckBoxIsNotCheckedByDefault -->
  <testcase classname="testClasses.LoginPageTestCases" name="verifyRememberMeCheckBoxIsNotCheckedByDefault" time="0.067">
    <skipped/>
  </testcase> <!-- verifyRememberMeCheckBoxIsNotCheckedByDefault -->
  <testcase classname="testClasses.LoginPageTestCases" name="verifyRememberMeCheckBoxIsNotCheckedByDefault" time="0.045">
    <failure type="java.lang.AssertionError" message="expected [true] but found [false]">
      <![CDATA[java.lang.AssertionError: expected [true] but found [false]
at testClasses.LoginPageTestCases.verifyRememberMeCheckBoxIsNotCheckedByDefault(LoginPageTestCases.java:62)
at java.base/java.util.ArrayList.forEach(ArrayList.java:1596)
at java.base/java.util.concurrent.FutureTask.run(FutureTask.java:317)
at java.base/java.util.concurrent.ThreadPoolExecutor.runWorker(ThreadPoolExecutor.java:1144)
at java.base/java.util.concurrent.ThreadPoolExecutor$Worker.run(ThreadPoolExecutor.java:642)
at java.base/java.lang.Thread.run(Thread.java:1583)
... Removed 19 stack frames]]>
    </failure>
  </testcase> <!-- verifyRememberMeCheckBoxIsNotCheckedByDefault -->
  <testcase classname="testClasses.LoginPageTestCases" name="verifySuccessfulLogIn" time="0.81"/>
  <testcase classname="testClasses.LoginPageTestCases" name="verifyTheExactPageIsOpenesWhileHittingTheURL_UsingTitle" time="0.187"/>
  <testcase classname="testClasses.LoginPageTestCases" name="verifyUnSuccessfulLogIn" time="0.595"/>
  <testcase classname="testClasses.LoginPageTestCases" name="verifyUnSuccessfulLogIn" time="0.559"/>
  <testcase classname="testClasses.LoginPageTestCases" name="verifyUnSuccessfulLogIn" time="0.531"/>
</testsuite> <!-- ChromeTest -->
